[2021-06-28T08:47:42.180] [DEBUG] cheese - login => username:肖攀,password:123456
[2021-06-28T08:47:42.214] [DEBUG] cheese - 肖攀
[2021-06-28T08:47:42.234] [DEBUG] cheese - null
[2021-06-28T08:47:42.254] [DEBUG] cheese - null
[2021-06-28T08:48:24.708] [DEBUG] cheese - login => username:admin,password:123456
[2021-06-28T08:48:24.708] [DEBUG] cheese - admin
[2021-06-28T08:48:24.723] [DEBUG] cheese - null
[2021-06-28T08:48:24.725] [DEBUG] cheese - null
[2021-06-28T15:54:59.672] [DEBUG] cheese - login => username:admin,password:123456
[2021-06-28T15:54:59.683] [DEBUG] cheese - admin
[2021-06-28T15:54:59.715] [DEBUG] cheese - null
[2021-06-28T15:54:59.716] [DEBUG] cheese - null
[2021-06-28T15:56:49.663] [DEBUG] cheese - login => username:admin,password:123456
[2021-06-28T15:56:49.663] [DEBUG] cheese - admin
[2021-06-28T15:56:49.666] [DEBUG] cheese - null
[2021-06-28T15:56:49.666] [DEBUG] cheese - null
[2021-06-28T15:57:07.397] [DEBUG] cheese - login => username:admin,password:123456
[2021-06-28T15:57:07.398] [DEBUG] cheese - admin
[2021-06-28T15:57:07.400] [DEBUG] cheese - null
[2021-06-28T15:57:07.400] [DEBUG] cheese - null
[2021-06-28T15:59:02.480] [DEBUG] cheese - login => username:admin,password:123456
[2021-06-28T15:59:02.481] [DEBUG] cheese - admin
[2021-06-28T15:59:02.485] [DEBUG] cheese - null
[2021-06-28T15:59:02.485] [DEBUG] cheese - null
[2021-06-28T15:59:06.308] [DEBUG] cheese - login => username:admin打的,password:123456
[2021-06-28T15:59:06.308] [DEBUG] cheese - admin打的
[2021-06-28T15:59:06.311] [DEBUG] cheese - null
[2021-06-28T15:59:06.311] [DEBUG] cheese - null
[2021-06-28T16:05:37.738] [DEBUG] cheese - login => username:admin,password:123456
[2021-06-28T16:05:37.738] [DEBUG] cheese - admin
[2021-06-28T16:05:37.742] [DEBUG] cheese - null
[2021-06-28T16:05:37.743] [DEBUG] cheese - null
[2021-06-28T16:05:41.182] [DEBUG] cheese - login => username:admin  ,password:123456
[2021-06-28T16:05:41.182] [DEBUG] cheese - admin  
[2021-06-28T16:05:41.184] [DEBUG] cheese - null
[2021-06-28T16:05:41.184] [DEBUG] cheese - null
[2021-06-28T16:05:48.610] [DEBUG] cheese - login => username:admin 规范,password:123456
[2021-06-28T16:05:48.610] [DEBUG] cheese - admin 规范
[2021-06-28T16:05:48.613] [DEBUG] cheese - null
[2021-06-28T16:05:48.613] [DEBUG] cheese - null
[2021-06-28T16:06:15.770] [DEBUG] cheese - login => username:admin的,password:123456
[2021-06-28T16:06:15.770] [DEBUG] cheese - admin的
[2021-06-28T16:06:15.772] [DEBUG] cheese - null
[2021-06-28T16:06:15.772] [DEBUG] cheese - null
[2021-06-28T16:06:22.875] [DEBUG] cheese - login => username:admin的,password:123456
[2021-06-28T16:06:22.875] [DEBUG] cheese - admin的
[2021-06-28T16:06:22.877] [DEBUG] cheese - null
[2021-06-28T16:06:22.877] [DEBUG] cheese - null
[2021-06-28T16:10:37.125] [DEBUG] cheese - login => username:admin,password:123456
[2021-06-28T16:10:37.125] [DEBUG] cheese - admin
[2021-06-28T16:10:37.128] [DEBUG] cheese - null
[2021-06-28T16:10:37.128] [DEBUG] cheese - null
[2021-06-28T16:12:54.927] [DEBUG] cheese - login => username:admin,password:123456
[2021-06-28T16:12:54.927] [DEBUG] cheese - admin
[2021-06-28T16:12:54.930] [DEBUG] cheese - null
[2021-06-28T16:12:54.930] [DEBUG] cheese - null
[2021-06-28T16:13:01.391] [DEBUG] cheese - login => username:admin,password:123456
[2021-06-28T16:13:01.391] [DEBUG] cheese - admin
[2021-06-28T16:13:01.393] [DEBUG] cheese - null
[2021-06-28T16:13:01.393] [DEBUG] cheese - null
[2021-06-28T16:21:01.760] [DEBUG] cheese - login => username:admin,password:123456
[2021-06-28T16:21:01.774] [DEBUG] cheese - admin
[2021-06-28T16:21:01.785] [DEBUG] cheese - null
[2021-06-28T16:21:01.786] [DEBUG] cheese - null
[2021-06-28T16:28:29.730] [DEBUG] cheese - login => username:admin,password:123456
[2021-06-28T16:28:29.730] [DEBUG] cheese - admin
[2021-06-28T16:28:29.734] [DEBUG] cheese - null
[2021-06-28T16:28:29.735] [DEBUG] cheese - null
[2021-06-28T16:28:39.398] [DEBUG] cheese - login => username:admin,password:123456
[2021-06-28T16:28:39.398] [DEBUG] cheese - admin
[2021-06-28T16:28:39.402] [DEBUG] cheese - null
[2021-06-28T16:28:39.402] [DEBUG] cheese - null
[2021-06-28T16:30:05.627] [DEBUG] cheese - login => username:admin,password:123456
[2021-06-28T16:30:05.627] [DEBUG] cheese - admin
[2021-06-28T16:30:05.629] [DEBUG] cheese - null
[2021-06-28T16:30:05.629] [DEBUG] cheese - null
[2021-06-28T16:32:54.946] [DEBUG] cheese - login => username:admin,password:123456
[2021-06-28T16:32:54.946] [DEBUG] cheese - admin
[2021-06-28T16:32:54.948] [DEBUG] cheese - null
[2021-06-28T16:32:54.949] [DEBUG] cheese - null
[2021-06-28T16:32:59.696] [DEBUG] cheese - login => username:admin,password:123456
[2021-06-28T16:32:59.696] [DEBUG] cheese - admin
[2021-06-28T16:32:59.698] [DEBUG] cheese - null
[2021-06-28T16:32:59.699] [DEBUG] cheese - null
[2021-06-28T16:33:25.634] [DEBUG] cheese - login => username:admin,password:123456
[2021-06-28T16:33:25.634] [DEBUG] cheese - admin
[2021-06-28T16:33:25.637] [DEBUG] cheese - null
[2021-06-28T16:33:25.637] [DEBUG] cheese - null
[2021-06-28T16:34:42.555] [DEBUG] cheese - login => username:admin,password:123456
[2021-06-28T16:34:42.555] [DEBUG] cheese - admin
[2021-06-28T16:34:42.558] [DEBUG] cheese - null
[2021-06-28T16:34:42.558] [DEBUG] cheese - null
[2021-06-28T16:34:45.922] [DEBUG] cheese - login => username:admin,password:123456d
[2021-06-28T16:34:45.922] [DEBUG] cheese - admin
[2021-06-28T16:34:45.924] [DEBUG] cheese - null
[2021-06-28T16:34:45.924] [DEBUG] cheese - null
[2021-06-28T16:34:48.670] [DEBUG] cheese - login => username:admin,password:123456
[2021-06-28T16:34:48.670] [DEBUG] cheese - admin
[2021-06-28T16:34:48.674] [DEBUG] cheese - null
[2021-06-28T16:34:48.674] [DEBUG] cheese - null
[2021-06-28T16:35:17.313] [DEBUG] cheese - login => username:admin,password:123456
[2021-06-28T16:35:17.314] [DEBUG] cheese - admin
[2021-06-28T16:35:17.316] [DEBUG] cheese - null
[2021-06-28T16:35:17.316] [DEBUG] cheese - null
[2021-06-28T16:36:49.449] [DEBUG] cheese - login => username:admin,password:123456
[2021-06-28T16:36:49.449] [DEBUG] cheese - admin
[2021-06-28T16:36:49.451] [DEBUG] cheese - null
[2021-06-28T16:36:49.451] [DEBUG] cheese - null
[2021-06-28T16:37:47.580] [DEBUG] cheese - login => username:admin,password:123456
[2021-06-28T16:37:47.581] [DEBUG] cheese - admin
[2021-06-28T16:37:47.584] [DEBUG] cheese - null
[2021-06-28T16:37:47.584] [DEBUG] cheese - null
[2021-06-28T16:38:44.887] [DEBUG] cheese - login => username:admin,password:123456
[2021-06-28T16:38:44.887] [DEBUG] cheese - admin
[2021-06-28T16:38:44.889] [DEBUG] cheese - null
[2021-06-28T16:38:44.889] [DEBUG] cheese - null
[2021-06-28T16:40:31.742] [DEBUG] cheese - login => username:admin,password:123456
[2021-06-28T16:40:31.742] [DEBUG] cheese - admin
[2021-06-28T16:40:31.746] [DEBUG] cheese - null
[2021-06-28T16:40:31.746] [DEBUG] cheese - null
[2021-06-28T16:41:35.278] [DEBUG] cheese - login => username:admin,password:123456
[2021-06-28T16:41:35.278] [DEBUG] cheese - admin
[2021-06-28T16:41:35.280] [DEBUG] cheese - null
[2021-06-28T16:41:35.280] [DEBUG] cheese - null
[2021-06-28T16:47:36.339] [DEBUG] cheese - login => username:admin,password:123456
[2021-06-28T16:47:36.339] [DEBUG] cheese - admin
[2021-06-28T16:47:36.341] [DEBUG] cheese - null
[2021-06-28T16:47:36.341] [DEBUG] cheese - null
[2021-06-28T16:47:42.638] [DEBUG] cheese - login => username:admin,password:123456
[2021-06-28T16:47:42.638] [DEBUG] cheese - admin
[2021-06-28T16:47:42.640] [DEBUG] cheese - null
[2021-06-28T16:47:42.640] [DEBUG] cheese - null
[2021-06-28T16:49:14.517] [DEBUG] cheese - login => username:admin,password:wqe'1'='1
[2021-06-28T16:49:14.517] [DEBUG] cheese - admin
[2021-06-28T16:49:14.518] [DEBUG] cheese - null
[2021-06-28T16:49:14.519] [DEBUG] cheese - null
[2021-06-28T16:50:10.246] [DEBUG] cheese - login => username:admin,password:qwe'1'='1
[2021-06-28T16:50:10.247] [DEBUG] cheese - admin
[2021-06-28T16:50:10.249] [DEBUG] cheese - null
[2021-06-28T16:50:10.249] [DEBUG] cheese - null
[2021-06-28T16:51:11.472] [DEBUG] cheese - login => username:admin,password:qwe'or'1'1='1
[2021-06-28T16:51:11.472] [DEBUG] cheese - admin
[2021-06-28T16:51:11.474] [DEBUG] cheese - null
[2021-06-28T16:51:11.474] [DEBUG] cheese - null
[2021-06-28T16:51:45.859] [DEBUG] cheese - login => username:admin,password:qweor '1'='1'
[2021-06-28T16:51:45.859] [DEBUG] cheese - admin
[2021-06-28T16:51:45.862] [DEBUG] cheese - null
[2021-06-28T16:51:45.862] [DEBUG] cheese - null
[2021-06-28T16:52:26.965] [DEBUG] cheese - login => username:admin,password:123456
[2021-06-28T16:52:26.965] [DEBUG] cheese - admin
[2021-06-28T16:52:26.967] [DEBUG] cheese - null
[2021-06-28T16:52:26.967] [DEBUG] cheese - null
[2021-06-28T16:59:38.999] [DEBUG] cheese - login => username:linken,password:123456
[2021-06-28T16:59:38.999] [DEBUG] cheese - linken
[2021-06-28T16:59:39.003] [DEBUG] cheese - null
[2021-06-28T16:59:39.003] [DEBUG] cheese - null
[2021-06-28T16:59:51.645] [DEBUG] cheese - login => username:asdf1,password:123456
[2021-06-28T16:59:51.645] [DEBUG] cheese - asdf1
[2021-06-28T16:59:51.647] [DEBUG] cheese - null
[2021-06-28T16:59:51.647] [DEBUG] cheese - null
[2021-06-28T16:59:52.642] [DEBUG] cheese - login => username:asdf1,password:123456
[2021-06-28T16:59:52.642] [DEBUG] cheese - asdf1
[2021-06-28T16:59:52.644] [DEBUG] cheese - null
[2021-06-28T16:59:52.644] [DEBUG] cheese - null
[2021-06-28T16:59:57.568] [DEBUG] cheese - login => username:admin,password:123456
[2021-06-28T16:59:57.568] [DEBUG] cheese - admin
[2021-06-28T16:59:57.570] [DEBUG] cheese - null
[2021-06-28T16:59:57.570] [DEBUG] cheese - null
[2021-06-28T17:00:32.487] [DEBUG] cheese - login => username:linken,password:123456
[2021-06-28T17:00:32.487] [DEBUG] cheese - linken
[2021-06-28T17:00:32.491] [DEBUG] cheese - null
[2021-06-28T17:00:32.491] [DEBUG] cheese - null
[2021-06-28T17:02:00.646] [DEBUG] cheese - login => username:admin,password:123456
[2021-06-28T17:02:00.646] [DEBUG] cheese - admin
[2021-06-28T17:02:00.649] [DEBUG] cheese - null
[2021-06-28T17:02:00.649] [DEBUG] cheese - null
[2021-06-28T17:05:38.809] [DEBUG] cheese - login => username:admin,password:123456
[2021-06-28T17:05:38.809] [DEBUG] cheese - admin
[2021-06-28T17:05:38.811] [DEBUG] cheese - null
[2021-06-28T17:05:38.811] [DEBUG] cheese - null
[2021-06-29T10:55:04.700] [DEBUG] cheese - login => username:admin,password:123456
[2021-06-29T10:55:04.701] [DEBUG] cheese - admin
[2021-06-29T10:55:04.759] [DEBUG] cheese - null
[2021-06-29T10:55:04.760] [DEBUG] cheese - null
[2021-06-29T10:55:09.888] [DEBUG] cheese - login => username:admin,password:123456
[2021-06-29T10:55:09.888] [DEBUG] cheese - admin
[2021-06-29T10:55:09.890] [DEBUG] cheese - null
[2021-06-29T10:55:09.890] [DEBUG] cheese - null
[2021-06-29T13:01:38.656] [DEBUG] cheese - login => username:admin,password:123456
[2021-06-29T13:01:38.677] [DEBUG] cheese - admin
[2021-06-29T13:01:38.689] [DEBUG] cheese - null
[2021-06-29T13:01:38.690] [DEBUG] cheese - null
[2021-06-29T14:57:52.093] [DEBUG] cheese - login => username:admin,password:123456
[2021-06-29T14:57:52.094] [DEBUG] cheese - admin
[2021-06-29T14:57:52.099] [DEBUG] cheese - null
[2021-06-29T14:57:52.099] [DEBUG] cheese - null
[2021-06-29T15:01:49.739] [DEBUG] cheese - login => username:admin,password:123456
[2021-06-29T15:01:49.739] [DEBUG] cheese - admin
[2021-06-29T15:01:49.742] [DEBUG] cheese - null
[2021-06-29T15:01:49.742] [DEBUG] cheese - null
[2021-06-29T15:02:26.479] [DEBUG] cheese - login => username:admin,password:123456
[2021-06-29T15:02:26.479] [DEBUG] cheese - admin
[2021-06-29T15:02:26.483] [DEBUG] cheese - null
[2021-06-29T15:02:26.483] [DEBUG] cheese - null
[2021-06-29T15:02:39.052] [DEBUG] cheese - login => username:admin,password:123456
[2021-06-29T15:02:39.052] [DEBUG] cheese - admin
[2021-06-29T15:02:39.054] [DEBUG] cheese - null
[2021-06-29T15:02:39.054] [DEBUG] cheese - null
[2021-06-29T15:02:58.348] [DEBUG] cheese - login => username:admin,password:123456
[2021-06-29T15:02:58.348] [DEBUG] cheese - admin
[2021-06-29T15:02:58.350] [DEBUG] cheese - null
[2021-06-29T15:02:58.350] [DEBUG] cheese - null
[2021-06-29T15:03:26.641] [DEBUG] cheese - login => username:admin,password:123456
[2021-06-29T15:03:26.641] [DEBUG] cheese - admin
[2021-06-29T15:03:26.644] [DEBUG] cheese - null
[2021-06-29T15:03:26.644] [DEBUG] cheese - null
[2021-06-29T15:05:10.507] [DEBUG] cheese - login => username:admin,password:123456
[2021-06-29T15:05:10.508] [DEBUG] cheese - admin
[2021-06-29T15:05:10.510] [DEBUG] cheese - null
[2021-06-29T15:05:10.510] [DEBUG] cheese - null
[2021-06-29T15:42:11.983] [DEBUG] cheese - login => username:admin,password:123456
[2021-06-29T15:42:11.984] [DEBUG] cheese - admin
[2021-06-29T15:42:11.986] [DEBUG] cheese - null
[2021-06-29T15:42:11.986] [DEBUG] cheese - null
[2021-06-29T16:19:36.056] [DEBUG] cheese - login => username:admin,password:123456
[2021-06-29T16:19:36.056] [DEBUG] cheese - admin
[2021-06-29T16:19:36.060] [DEBUG] cheese - null
[2021-06-29T16:19:36.060] [DEBUG] cheese - null
[2021-06-29T16:36:54.438] [DEBUG] cheese - login => username:admin,password:123456
[2021-06-29T16:36:54.438] [DEBUG] cheese - admin
[2021-06-29T16:36:54.442] [DEBUG] cheese - null
[2021-06-29T16:36:54.442] [DEBUG] cheese - null
[2021-06-29T16:37:39.497] [DEBUG] cheese - login => username:admin,password:123456
[2021-06-29T16:37:39.497] [DEBUG] cheese - admin
[2021-06-29T16:37:39.500] [DEBUG] cheese - null
[2021-06-29T16:37:39.500] [DEBUG] cheese - null
[2021-06-29T16:44:55.901] [DEBUG] cheese - login => username:admin,password:123456
[2021-06-29T16:44:55.901] [DEBUG] cheese - admin
[2021-06-29T16:44:55.911] [DEBUG] cheese - null
[2021-06-29T16:44:55.911] [DEBUG] cheese - null
[2021-06-29T16:45:05.469] [DEBUG] cheese - login => username:admin,password:123456
[2021-06-29T16:45:05.469] [DEBUG] cheese - admin
[2021-06-29T16:45:05.471] [DEBUG] cheese - null
[2021-06-29T16:45:05.471] [DEBUG] cheese - null
[2021-06-29T16:50:14.649] [DEBUG] cheese - login => username:admin,password:123456
[2021-06-29T16:50:14.649] [DEBUG] cheese - admin
[2021-06-29T16:50:14.651] [DEBUG] cheese - null
[2021-06-29T16:50:14.651] [DEBUG] cheese - null
[2021-06-29T16:51:00.625] [DEBUG] cheese - login => username:admin,password:123456
[2021-06-29T16:51:00.625] [DEBUG] cheese - admin
[2021-06-29T16:51:00.628] [DEBUG] cheese - null
[2021-06-29T16:51:00.628] [DEBUG] cheese - null
[2021-06-29T17:52:53.595] [DEBUG] cheese - login => username:admin,password:123456
[2021-06-29T17:52:53.595] [DEBUG] cheese - admin
[2021-06-29T17:52:53.597] [DEBUG] cheese - null
[2021-06-29T17:52:53.597] [DEBUG] cheese - null
[2021-06-29T18:13:25.694] [DEBUG] cheese - login => username:admin,password:123456
[2021-06-29T18:13:25.694] [DEBUG] cheese - admin
[2021-06-29T18:13:25.696] [DEBUG] cheese - null
[2021-06-29T18:13:25.696] [DEBUG] cheese - null
[2021-06-29T20:37:24.268] [DEBUG] cheese - login => username:linken,password:123456
[2021-06-29T20:37:24.268] [DEBUG] cheese - linken
[2021-06-29T20:37:24.270] [DEBUG] cheese - null
[2021-06-29T20:37:24.270] [DEBUG] cheese - null
[2021-06-29T20:37:47.697] [DEBUG] cheese - login => username:admin,password:123456
[2021-06-29T20:37:47.697] [DEBUG] cheese - admin
[2021-06-29T20:37:47.699] [DEBUG] cheese - null
[2021-06-29T20:37:47.699] [DEBUG] cheese - null
[2021-06-29T21:42:09.211] [DEBUG] cheese - login => username:admin,password:123456
[2021-06-29T21:42:09.212] [DEBUG] cheese - admin
[2021-06-29T21:42:09.214] [DEBUG] cheese - null
[2021-06-29T21:42:09.214] [DEBUG] cheese - null
[2021-06-29T21:43:50.624] [DEBUG] cheese - login => username:college,password:123456
[2021-06-29T21:43:50.625] [DEBUG] cheese - college
[2021-06-29T21:43:50.626] [DEBUG] cheese - null
[2021-06-29T21:43:50.627] [DEBUG] cheese - null
[2021-06-29T21:43:58.452] [DEBUG] cheese - login => username:college,password:123456
[2021-06-29T21:43:58.452] [DEBUG] cheese - college
[2021-06-29T21:43:58.455] [DEBUG] cheese - null
[2021-06-29T21:43:58.455] [DEBUG] cheese - null
[2021-06-29T21:44:04.135] [DEBUG] cheese - login => username:admin,password:123456
[2021-06-29T21:44:04.135] [DEBUG] cheese - admin
[2021-06-29T21:44:04.138] [DEBUG] cheese - null
[2021-06-29T21:44:04.139] [DEBUG] cheese - null
[2021-06-29T22:01:50.771] [DEBUG] cheese - login => username:admin,password:123456
[2021-06-29T22:01:50.772] [DEBUG] cheese - admin
[2021-06-29T22:01:50.781] [DEBUG] cheese - null
[2021-06-29T22:01:50.782] [DEBUG] cheese - null
[2021-06-29T22:12:02.717] [DEBUG] cheese - login => username:admin,password:123456
[2021-06-29T22:12:02.718] [DEBUG] cheese - admin
[2021-06-29T22:12:02.721] [DEBUG] cheese - null
[2021-06-29T22:12:02.721] [DEBUG] cheese - null
[2021-06-29T22:14:39.266] [DEBUG] cheese - login => username:college,password:123456
[2021-06-29T22:14:39.267] [DEBUG] cheese - college
[2021-06-29T22:14:39.271] [DEBUG] cheese - null
[2021-06-29T22:14:39.271] [DEBUG] cheese - null
[2021-06-29T22:15:42.901] [DEBUG] cheese - login => username:college,password:123456
[2021-06-29T22:15:42.901] [DEBUG] cheese - college
[2021-06-29T22:15:42.904] [DEBUG] cheese - null
[2021-06-29T22:15:42.905] [DEBUG] cheese - null
[2021-06-29T22:15:45.546] [DEBUG] cheese - login => username:college,password:123456
[2021-06-29T22:15:45.547] [DEBUG] cheese - college
[2021-06-29T22:15:45.549] [DEBUG] cheese - null
[2021-06-29T22:15:45.549] [DEBUG] cheese - null
[2021-06-29T22:15:47.447] [DEBUG] cheese - login => username:admin,password:123456
[2021-06-29T22:15:47.447] [DEBUG] cheese - admin
[2021-06-29T22:15:47.449] [DEBUG] cheese - null
[2021-06-29T22:15:47.449] [DEBUG] cheese - null
[2021-06-29T22:16:48.245] [DEBUG] cheese - login => username:www,password:123456
[2021-06-29T22:16:48.245] [DEBUG] cheese - www
[2021-06-29T22:16:48.249] [DEBUG] cheese - null
[2021-06-29T22:16:48.249] [DEBUG] cheese - null
[2021-06-29T22:16:49.977] [DEBUG] cheese - login => username:www,password:123456
[2021-06-29T22:16:49.977] [DEBUG] cheese - www
[2021-06-29T22:16:49.979] [DEBUG] cheese - null
[2021-06-29T22:16:49.979] [DEBUG] cheese - null
[2021-06-29T22:17:27.230] [DEBUG] cheese - login => username:college,password:123456
[2021-06-29T22:17:27.230] [DEBUG] cheese - college
[2021-06-29T22:17:27.232] [DEBUG] cheese - null
[2021-06-29T22:17:27.232] [DEBUG] cheese - null
[2021-06-29T22:17:51.427] [DEBUG] cheese - login => username:college,password:123456
[2021-06-29T22:17:51.427] [DEBUG] cheese - college
[2021-06-29T22:17:51.430] [DEBUG] cheese - null
[2021-06-29T22:17:51.430] [DEBUG] cheese - null
[2021-06-29T22:17:56.726] [DEBUG] cheese - login => username:www,password:123456
[2021-06-29T22:17:56.727] [DEBUG] cheese - www
[2021-06-29T22:17:56.734] [DEBUG] cheese - null
[2021-06-29T22:17:56.734] [DEBUG] cheese - null
[2021-06-29T22:18:02.149] [DEBUG] cheese - login => username:www,password:123456
[2021-06-29T22:18:02.149] [DEBUG] cheese - www
[2021-06-29T22:18:02.151] [DEBUG] cheese - null
[2021-06-29T22:18:02.151] [DEBUG] cheese - null
[2021-06-30T11:20:33.439] [DEBUG] cheese - login => username:admin,password:123456
[2021-06-30T11:20:33.450] [DEBUG] cheese - admin
[2021-06-30T11:20:33.487] [DEBUG] cheese - null
[2021-06-30T11:20:33.487] [DEBUG] cheese - null
[2021-06-30T12:02:10.519] [DEBUG] cheese - login => username:www,password:123456
[2021-06-30T12:02:10.519] [DEBUG] cheese - www
[2021-06-30T12:02:10.522] [DEBUG] cheese - null
[2021-06-30T12:02:10.522] [DEBUG] cheese - null
[2021-06-30T12:02:15.637] [DEBUG] cheese - login => username:www,password:123456
[2021-06-30T12:02:15.637] [DEBUG] cheese - www
[2021-06-30T12:02:15.640] [DEBUG] cheese - null
[2021-06-30T12:02:15.640] [DEBUG] cheese - null
[2021-06-30T12:02:21.914] [DEBUG] cheese - login => username:college,password:123456
[2021-06-30T12:02:21.914] [DEBUG] cheese - college
[2021-06-30T12:02:21.917] [DEBUG] cheese - null
[2021-06-30T12:02:21.917] [DEBUG] cheese - null
[2021-06-30T12:02:27.834] [DEBUG] cheese - login => username:admin,password:123456
[2021-06-30T12:02:27.834] [DEBUG] cheese - admin
[2021-06-30T12:02:27.836] [DEBUG] cheese - null
[2021-06-30T12:02:27.836] [DEBUG] cheese - null
[2021-06-30T15:16:14.376] [DEBUG] cheese - login => username:shopping,password:123456
[2021-06-30T15:16:14.376] [DEBUG] cheese - shopping
[2021-06-30T15:16:14.379] [DEBUG] cheese - null
[2021-06-30T15:16:14.379] [DEBUG] cheese - null
[2021-06-30T15:16:20.202] [DEBUG] cheese - login => username:shopping,password:123456
[2021-06-30T15:16:20.203] [DEBUG] cheese - shopping
[2021-06-30T15:16:20.208] [DEBUG] cheese - null
[2021-06-30T15:16:20.208] [DEBUG] cheese - null
[2021-06-30T15:16:20.853] [DEBUG] cheese - login => username:shopping,password:123456
[2021-06-30T15:16:20.853] [DEBUG] cheese - shopping
[2021-06-30T15:16:20.856] [DEBUG] cheese - null
[2021-06-30T15:16:20.856] [DEBUG] cheese - null
[2021-06-30T15:16:28.357] [DEBUG] cheese - login => username:admin,password:123456
[2021-06-30T15:16:28.357] [DEBUG] cheese - admin
[2021-06-30T15:16:28.359] [DEBUG] cheese - null
[2021-06-30T15:16:28.359] [DEBUG] cheese - null
[2021-06-30T15:21:38.766] [DEBUG] cheese - login => username:admin,password:123456
[2021-06-30T15:21:38.766] [DEBUG] cheese - admin
[2021-06-30T15:21:38.768] [DEBUG] cheese - null
[2021-06-30T15:21:38.768] [DEBUG] cheese - null
[2021-07-01T08:18:22.194] [DEBUG] cheese - login => username:admin,password:123456
[2021-07-01T08:18:22.235] [DEBUG] cheese - admin
[2021-07-01T08:18:22.280] [DEBUG] cheese - null
[2021-07-01T08:18:22.281] [DEBUG] cheese - null
[2021-07-01T08:32:34.975] [DEBUG] cheese - login => username:linken,password:123456
[2021-07-01T08:32:34.975] [DEBUG] cheese - linken
[2021-07-01T08:32:34.977] [DEBUG] cheese - null
[2021-07-01T08:32:34.978] [DEBUG] cheese - null
[2021-07-01T08:32:57.515] [DEBUG] cheese - login => username:admin,password:123456
[2021-07-01T08:32:57.515] [DEBUG] cheese - admin
[2021-07-01T08:32:57.520] [DEBUG] cheese - null
[2021-07-01T08:32:57.520] [DEBUG] cheese - null
[2021-07-01T22:26:57.511] [DEBUG] cheese - login => username:admin,password:123456
[2021-07-01T22:26:57.526] [DEBUG] cheese - admin
[2021-07-01T22:26:57.545] [DEBUG] cheese - null
[2021-07-01T22:26:57.546] [DEBUG] cheese - null
[2021-07-04T19:26:09.953] [DEBUG] cheese - login => username:admin,password:123456
[2021-07-04T19:26:10.073] [DEBUG] cheese - admin
[2021-07-04T19:26:10.135] [DEBUG] cheese - null
[2021-07-04T19:26:10.135] [DEBUG] cheese - null
[2021-07-05T08:14:49.199] [DEBUG] cheese - login => username:admin,password:123456
[2021-07-05T08:14:49.201] [DEBUG] cheese - admin
[2021-07-05T08:14:49.217] [DEBUG] cheese - null
[2021-07-05T08:14:49.218] [DEBUG] cheese - null
[2021-07-05T09:18:24.643] [DEBUG] cheese - null
[2021-07-05T09:21:53.319] [DEBUG] cheese - null
[2021-07-05T09:24:41.169] [DEBUG] cheese - null
[2021-07-05T14:00:29.686] [DEBUG] cheese - login => username:admin,password:123456
[2021-07-05T14:00:29.689] [DEBUG] cheese - admin
[2021-07-05T14:00:29.707] [DEBUG] cheese - null
[2021-07-05T14:00:29.708] [DEBUG] cheese - null
[2021-07-06T07:24:55.730] [DEBUG] cheese - login => username:admin,password:123456
[2021-07-06T07:24:55.743] [DEBUG] cheese - admin
[2021-07-06T07:24:55.751] [DEBUG] cheese - null
[2021-07-06T07:24:55.751] [DEBUG] cheese - null
[2021-07-06T17:51:32.776] [DEBUG] cheese - login => username:admin,password:123456
[2021-07-06T17:51:32.929] [DEBUG] cheese - admin
[2021-07-06T17:51:32.938] [DEBUG] cheese - null
[2021-07-06T17:51:32.938] [DEBUG] cheese - null
[2021-07-07T07:31:01.242] [DEBUG] cheese - login => username:admin,password:123456
[2021-07-07T07:31:01.252] [DEBUG] cheese - admin
[2021-07-07T07:31:01.275] [DEBUG] cheese - null
[2021-07-07T07:31:01.275] [DEBUG] cheese - null
[2021-07-07T09:27:03.734] [DEBUG] cheese - login => username:admin,password:123456
[2021-07-07T09:27:03.736] [DEBUG] cheese - admin
[2021-07-07T09:27:03.781] [DEBUG] cheese - null
[2021-07-07T09:27:03.781] [DEBUG] cheese - null
[2021-07-07T11:17:00.023] [DEBUG] cheese - login => username:admin,password:123456
[2021-07-07T11:17:00.024] [DEBUG] cheese - admin
[2021-07-07T11:17:00.030] [DEBUG] cheese - null
[2021-07-07T11:17:00.030] [DEBUG] cheese - null
[2021-07-07T11:25:11.674] [DEBUG] cheese - login => username:admin,password:123456
[2021-07-07T11:25:11.674] [DEBUG] cheese - admin
[2021-07-07T11:25:11.676] [DEBUG] cheese - null
[2021-07-07T11:25:11.676] [DEBUG] cheese - null
[2021-07-08T11:37:11.375] [DEBUG] cheese - login => username:admin,password:123456
[2021-07-08T11:37:11.393] [DEBUG] cheese - admin
[2021-07-08T11:37:11.442] [DEBUG] cheese - null
[2021-07-08T11:37:11.443] [DEBUG] cheese - null
[2021-07-08T13:02:06.535] [DEBUG] cheese - login => username:admin,password:123456
[2021-07-08T13:02:06.536] [DEBUG] cheese - admin
[2021-07-08T13:02:06.556] [DEBUG] cheese - null
[2021-07-08T13:02:06.557] [DEBUG] cheese - null
[2021-07-08T13:04:19.469] [DEBUG] cheese - login => username:admin,password:123456
[2021-07-08T13:04:19.470] [DEBUG] cheese - admin
[2021-07-08T13:04:19.474] [DEBUG] cheese - null
[2021-07-08T13:04:19.475] [DEBUG] cheese - null
[2021-07-08T13:05:59.967] [DEBUG] cheese - login => username:admin,password:123456
[2021-07-08T13:05:59.968] [DEBUG] cheese - admin
[2021-07-08T13:05:59.974] [DEBUG] cheese - null
[2021-07-08T13:05:59.975] [DEBUG] cheese - null
[2021-07-08T13:22:00.828] [DEBUG] cheese - null
[2021-07-08T13:24:45.918] [DEBUG] cheese - null
[2021-07-08T13:55:18.042] [DEBUG] cheese - login => username:admin,password:123456
[2021-07-08T13:55:18.043] [DEBUG] cheese - admin
[2021-07-08T13:55:18.049] [DEBUG] cheese - null
[2021-07-08T13:55:18.049] [DEBUG] cheese - null
[2021-07-08T13:57:48.991] [DEBUG] cheese - login => username:admin,password:123456
[2021-07-08T13:57:48.991] [DEBUG] cheese - admin
[2021-07-08T13:57:48.995] [DEBUG] cheese - null
[2021-07-08T13:57:48.995] [DEBUG] cheese - null
[2021-07-08T13:59:33.580] [DEBUG] cheese - null
[2021-07-08T22:18:43.784] [DEBUG] cheese - login => username:admin,password:123456
[2021-07-08T22:18:43.787] [DEBUG] cheese - admin
[2021-07-08T22:18:43.793] [DEBUG] cheese - null
[2021-07-08T22:18:43.793] [DEBUG] cheese - null
[2021-07-08T22:18:47.244] [DEBUG] cheese - login => username:admin,password:123456
[2021-07-08T22:18:47.244] [DEBUG] cheese - admin
[2021-07-08T22:18:47.246] [DEBUG] cheese - null
[2021-07-08T22:18:47.247] [DEBUG] cheese - null
[2021-07-09T08:21:11.787] [DEBUG] cheese - login => username:admin,password:123456
[2021-07-09T08:21:11.812] [DEBUG] cheese - admin
[2021-07-09T08:21:11.833] [DEBUG] cheese - null
[2021-07-09T08:21:11.834] [DEBUG] cheese - null
[2021-07-09T10:17:52.507] [DEBUG] cheese - login => username:admin,password:123456
[2021-07-09T10:17:52.523] [DEBUG] cheese - admin
[2021-07-09T10:17:52.535] [DEBUG] cheese - null
[2021-07-09T10:17:52.535] [DEBUG] cheese - null
[2021-07-09T10:24:49.840] [DEBUG] cheese - login => username:admin,password:123456
[2021-07-09T10:24:49.842] [DEBUG] cheese - admin
[2021-07-09T10:24:49.851] [DEBUG] cheese - null
[2021-07-09T10:24:49.852] [DEBUG] cheese - null
[2021-07-09T10:27:06.142] [DEBUG] cheese - login => username:admin,password:123456
[2021-07-09T10:27:06.142] [DEBUG] cheese - admin
[2021-07-09T10:27:06.145] [DEBUG] cheese - null
[2021-07-09T10:27:06.146] [DEBUG] cheese - null
[2021-07-09T10:50:47.880] [DEBUG] cheese - login => username:admin,password:123456
[2021-07-09T10:50:47.880] [DEBUG] cheese - admin
[2021-07-09T10:50:47.883] [DEBUG] cheese - null
[2021-07-09T10:50:47.883] [DEBUG] cheese - null
[2021-07-09T11:38:58.852] [DEBUG] cheese - login => username:admin,password:123456
[2021-07-09T11:38:58.871] [DEBUG] cheese - admin
[2021-07-09T11:38:59.030] [DEBUG] cheese - null
[2021-07-09T11:38:59.031] [DEBUG] cheese - null
[2021-07-09T16:44:18.127] [DEBUG] cheese - login => username:admin,password:123456
[2021-07-09T16:44:18.150] [DEBUG] cheese - admin
[2021-07-09T16:44:18.202] [DEBUG] cheese - null
[2021-07-09T16:44:18.203] [DEBUG] cheese - null
[2021-07-09T17:14:21.079] [DEBUG] cheese - login => username:admin,password:123456
[2021-07-09T17:14:21.097] [DEBUG] cheese - admin
[2021-07-09T17:14:21.128] [DEBUG] cheese - null
[2021-07-09T17:14:21.129] [DEBUG] cheese - null
[2021-07-09T17:16:58.880] [DEBUG] cheese - login => username:admin,password:123456
[2021-07-09T17:16:58.881] [DEBUG] cheese - admin
[2021-07-09T17:16:58.885] [DEBUG] cheese - null
[2021-07-09T17:16:58.886] [DEBUG] cheese - null
[2021-07-09T17:19:50.267] [DEBUG] cheese - login => username:admin,password:123456
[2021-07-09T17:19:50.268] [DEBUG] cheese - admin
[2021-07-09T17:19:50.270] [DEBUG] cheese - null
[2021-07-09T17:19:50.271] [DEBUG] cheese - null
[2021-07-09T17:21:41.514] [DEBUG] cheese - login => username:admin,password:123456
[2021-07-09T17:21:41.514] [DEBUG] cheese - admin
[2021-07-09T17:21:41.518] [DEBUG] cheese - null
[2021-07-09T17:21:41.518] [DEBUG] cheese - null
[2021-07-09T17:26:06.960] [DEBUG] cheese - login => username:admin,password:123456
[2021-07-09T17:26:06.960] [DEBUG] cheese - admin
[2021-07-09T17:26:06.962] [DEBUG] cheese - null
[2021-07-09T17:26:06.962] [DEBUG] cheese - null
[2021-07-09T17:58:25.516] [DEBUG] cheese - login => username:admin,password:123456
[2021-07-09T17:58:25.517] [DEBUG] cheese - admin
[2021-07-09T17:58:25.532] [DEBUG] cheese - null
[2021-07-09T17:58:25.532] [DEBUG] cheese - null
[2021-07-09T18:06:45.607] [DEBUG] cheese - login => username:admin,password:123456
[2021-07-09T18:06:45.607] [DEBUG] cheese - admin
[2021-07-09T18:06:45.610] [DEBUG] cheese - null
[2021-07-09T18:06:45.610] [DEBUG] cheese - null
[2021-07-09T18:08:11.756] [DEBUG] cheese - null
[2021-07-09T18:12:29.360] [DEBUG] cheese - login => username:admin,password:123456
[2021-07-09T18:12:29.361] [DEBUG] cheese - admin
[2021-07-09T18:12:29.375] [DEBUG] cheese - null
[2021-07-09T18:12:29.376] [DEBUG] cheese - null
[2021-07-09T18:15:01.292] [DEBUG] cheese - login => username:admin,password:123456
[2021-07-09T18:15:01.293] [DEBUG] cheese - admin
[2021-07-09T18:15:01.297] [DEBUG] cheese - null
[2021-07-09T18:15:01.297] [DEBUG] cheese - null
[2021-07-09T18:24:06.421] [DEBUG] cheese - login => username:admin,password:123456
[2021-07-09T18:24:06.423] [DEBUG] cheese - admin
[2021-07-09T18:24:06.435] [DEBUG] cheese - null
[2021-07-09T18:24:06.436] [DEBUG] cheese - null
[2021-07-10T09:58:52.232] [DEBUG] cheese - login => username:admin,password:123456
[2021-07-10T09:58:52.246] [DEBUG] cheese - admin
[2021-07-10T09:58:52.282] [DEBUG] cheese - null
[2021-07-10T09:58:52.283] [DEBUG] cheese - null
[2021-07-10T10:11:30.008] [DEBUG] cheese - login => username:admin,password:123456
[2021-07-10T10:11:30.008] [DEBUG] cheese - admin
[2021-07-10T10:11:30.012] [DEBUG] cheese - null
[2021-07-10T10:11:30.012] [DEBUG] cheese - null
[2021-07-10T10:12:06.318] [DEBUG] cheese - login => username:admin,password:123456
[2021-07-10T10:12:06.319] [DEBUG] cheese - admin
[2021-07-10T10:12:06.321] [DEBUG] cheese - null
[2021-07-10T10:12:06.322] [DEBUG] cheese - null
[2021-07-10T10:14:00.785] [DEBUG] cheese - login => username:admin,password:123456
[2021-07-10T10:14:00.785] [DEBUG] cheese - admin
[2021-07-10T10:14:00.787] [DEBUG] cheese - null
[2021-07-10T10:14:00.787] [DEBUG] cheese - null
[2021-07-10T10:23:23.353] [DEBUG] cheese - login => username:admin,password:123456
[2021-07-10T10:23:23.355] [DEBUG] cheese - admin
[2021-07-10T10:23:23.368] [DEBUG] cheese - null
[2021-07-10T10:23:23.368] [DEBUG] cheese - null
[2021-07-10T14:34:55.670] [DEBUG] cheese - login => username:admin,password:123456
[2021-07-10T14:34:55.686] [DEBUG] cheese - admin
[2021-07-10T14:34:55.788] [DEBUG] cheese - null
[2021-07-10T14:34:55.790] [DEBUG] cheese - null
[2021-07-11T08:21:55.048] [DEBUG] cheese - login => username:admin,password:123456
[2021-07-11T08:21:55.050] [DEBUG] cheese - admin
[2021-07-11T08:21:55.084] [DEBUG] cheese - null
[2021-07-11T08:21:55.084] [DEBUG] cheese - null
[2021-07-11T08:25:32.014] [DEBUG] cheese - null
[2021-08-22T18:39:35.109] [DEBUG] cheese - login => username:admin,password:123456
[2021-08-22T18:39:35.110] [DEBUG] cheese - admin
[2021-08-22T18:39:35.156] [DEBUG] cheese - null
[2021-08-22T18:39:35.156] [DEBUG] cheese - null
[2021-08-22T18:40:11.646] [DEBUG] cheese - login => username:admin,password:123456
[2021-08-22T18:40:11.646] [DEBUG] cheese - admin
[2021-08-22T18:40:11.649] [DEBUG] cheese - null
[2021-08-22T18:40:11.649] [DEBUG] cheese - null
[2021-08-22T19:11:57.149] [DEBUG] cheese - login => username:admin,password:123456
[2021-08-22T19:11:57.156] [DEBUG] cheese - admin
[2021-08-22T19:11:57.176] [DEBUG] cheese - null
[2021-08-22T19:11:57.176] [DEBUG] cheese - null
[2021-08-23T11:13:03.149] [DEBUG] cheese - login => username:admin,password:123456
[2021-08-23T11:13:03.152] [DEBUG] cheese - admin
[2021-08-23T11:13:03.185] [DEBUG] cheese - null
[2021-08-23T11:13:03.187] [DEBUG] cheese - null
[2021-09-01T14:34:27.235] [DEBUG] cheese - login => username:admin,password:123456
[2021-09-01T14:34:27.244] [DEBUG] cheese - admin
[2021-09-01T14:34:27.395] [DEBUG] cheese - null
[2021-09-01T14:34:27.397] [DEBUG] cheese - null
[2021-10-10T15:55:24.924] [DEBUG] cheese - login => username:admin,password:123456
[2021-10-10T15:55:24.926] [DEBUG] cheese - admin
[2021-10-10T15:55:24.964] [DEBUG] cheese - null
[2021-10-10T15:55:24.964] [DEBUG] cheese - null
[2021-11-29T16:43:27.784] [DEBUG] cheese - login => username:admin,password:123456
[2021-11-29T16:43:27.802] [DEBUG] cheese - admin
[2021-11-29T16:43:27.928] [DEBUG] cheese - null
[2021-11-29T16:43:27.929] [DEBUG] cheese - null
[2021-11-29T23:36:37.634] [DEBUG] cheese - login => username:admin,password:123456
[2021-11-29T23:36:37.641] [DEBUG] cheese - admin
[2021-11-29T23:36:37.985] [DEBUG] cheese - null
[2021-11-29T23:36:37.986] [DEBUG] cheese - null
[2021-11-29T23:37:14.586] [DEBUG] cheese - login => username:admin,password:123456
[2021-11-29T23:37:14.586] [DEBUG] cheese - admin
[2021-11-29T23:37:14.620] [DEBUG] cheese - null
[2021-11-29T23:37:14.620] [DEBUG] cheese - null
[2021-11-29T23:38:07.345] [DEBUG] cheese - login => username:admin,password:123456
[2021-11-29T23:38:07.346] [DEBUG] cheese - admin
[2021-11-29T23:38:07.350] [DEBUG] cheese - null
[2021-11-29T23:38:07.350] [DEBUG] cheese - null
[2022-05-29T23:56:17.114] [DEBUG] cheese - login => username:admin,password:123456
[2022-05-29T23:56:17.117] [DEBUG] cheese - admin
[2022-05-29T23:56:17.538] [DEBUG] cheese - null
[2022-05-29T23:56:17.538] [DEBUG] cheese - null
[2022-05-29T23:56:52.556] [DEBUG] cheese - login => username:admin,password:123456
[2022-05-29T23:56:52.556] [DEBUG] cheese - admin
[2022-05-29T23:56:52.559] [DEBUG] cheese - null
[2022-05-29T23:56:52.559] [DEBUG] cheese - null
[2022-05-29T23:59:27.538] [DEBUG] cheese - login => username:admin,password:123456
[2022-05-29T23:59:27.539] [DEBUG] cheese - admin
[2022-05-29T23:59:27.547] [DEBUG] cheese - null
[2022-05-29T23:59:27.548] [DEBUG] cheese - null
